{"level":"warn","message":"No token provided","method":"POST","status":"400","timestamp":"2025-04-26T23:12:47.107Z","url":"/users/auth","user_ip":"::1"}
{"level":"warn","message":"No token provided","method":"POST","status":"400","timestamp":"2025-04-26T23:12:47.117Z","url":"/users/auth","user_ip":"::1"}
{"level":"warn","message":"No token provided","method":"POST","status":"400","timestamp":"2025-04-26T23:12:52.941Z","url":"/users/auth","user_ip":"::1"}
{"level":"warn","message":"No token provided","method":"POST","status":"400","timestamp":"2025-04-26T23:12:52.947Z","url":"/users/auth","user_ip":"::1"}
{"level":"warn","message":"No token provided","method":"POST","status":"400","timestamp":"2025-04-27T00:21:53.579Z","url":"/users/auth","user_ip":"::1"}
{"level":"warn","message":"No token provided","method":"POST","status":"400","timestamp":"2025-04-27T00:21:53.585Z","url":"/users/auth","user_ip":"::1"}
{"level":"warn","message":"No token provided","method":"POST","status":"400","timestamp":"2025-04-27T00:22:14.970Z","url":"/users/auth","user_ip":"::1"}
{"level":"warn","message":"No token provided","method":"POST","status":"400","timestamp":"2025-04-27T00:22:14.974Z","url":"/users/auth","user_ip":"::1"}
{"level":"warn","message":"No token provided","method":"POST","status":"400","timestamp":"2025-04-27T01:49:34.648Z","url":"/users/auth","user_ip":"::1"}
{"level":"warn","message":"No token provided","method":"POST","status":"400","timestamp":"2025-04-27T01:49:34.665Z","url":"/users/auth","user_ip":"::1"}
{"level":"warn","message":"No token provided","method":"POST","status":"400","timestamp":"2025-04-27T03:07:33.940Z","url":"/users/auth","user_ip":"::1"}
{"level":"warn","message":"No token provided","method":"POST","status":"400","timestamp":"2025-04-27T03:07:33.945Z","url":"/users/auth","user_ip":"::1"}
{"level":"warn","message":"No token provided","method":"POST","status":"400","timestamp":"2025-04-27T03:08:48.511Z","url":"/users/auth","user_ip":"::1"}
{"level":"warn","message":"No token provided","method":"POST","status":"400","timestamp":"2025-04-27T03:08:48.516Z","url":"/users/auth","user_ip":"::1"}
{"level":"warn","message":"No token provided","method":"POST","status":"400","timestamp":"2025-04-27T03:11:47.628Z","url":"/users/auth","user_ip":"::1"}
{"level":"warn","message":"No token provided","method":"POST","status":"400","timestamp":"2025-04-27T03:11:47.632Z","url":"/users/auth","user_ip":"::1"}
{"level":"warn","message":"No token provided","method":"POST","status":"400","timestamp":"2025-04-27T03:12:09.177Z","url":"/users/auth","user_ip":"::1"}
{"level":"warn","message":"No token provided","method":"POST","status":"400","timestamp":"2025-04-27T03:12:09.181Z","url":"/users/auth","user_ip":"::1"}
{"level":"warn","message":"User with provided username does not exist","method":"POST","status":"400","timestamp":"2025-04-27T03:12:13.467Z","url":"/users/login","user_ip":"::1"}
{"level":"warn","message":"No token provided","method":"POST","status":"400","timestamp":"2025-04-27T03:12:20.505Z","url":"/users/auth","user_ip":"::1"}
{"level":"warn","message":"No token provided","method":"POST","status":"400","timestamp":"2025-04-27T03:12:20.509Z","url":"/users/auth","user_ip":"::1"}
{"level":"warn","message":"No token provided","method":"POST","status":"400","timestamp":"2025-04-27T03:29:16.937Z","url":"/users/auth","user_ip":"::1"}
{"level":"warn","message":"No token provided","method":"POST","status":"400","timestamp":"2025-04-27T03:29:16.943Z","url":"/users/auth","user_ip":"::1"}
{"level":"warn","message":"No token provided","method":"POST","status":"400","timestamp":"2025-04-27T03:43:03.164Z","url":"/users/auth","user_ip":"::1"}
{"level":"warn","message":"No token provided","method":"POST","status":"400","timestamp":"2025-04-27T03:43:03.170Z","url":"/users/auth","user_ip":"::1"}
{"level":"warn","message":"No token provided","method":"POST","status":"400","timestamp":"2025-04-27T03:44:26.514Z","url":"/users/auth","user_ip":"::1"}
{"level":"warn","message":"No token provided","method":"POST","status":"400","timestamp":"2025-04-27T03:44:26.520Z","url":"/users/auth","user_ip":"::1"}
{"email_id":"asdfasdf@kljlafjflkejfalskjdflkasd","level":"error","message":"Invalid email format","method":"POST","status":"400","timestamp":"2025-04-27T03:45:18.590Z","url":"/users/send_verification_email"}
{"email_id":"asdfasdf@kljlafjflkejfalskjdflkasd","level":"error","message":"Invalid email address","method":"POST","status":"400","timestamp":"2025-04-27T03:45:18.591Z","url":"/users/register","user_ip":"::1"}
{"level":"warn","message":"No token provided","method":"POST","status":"400","timestamp":"2025-04-27T03:47:34.403Z","url":"/users/auth","user_ip":"::1"}
{"level":"warn","message":"No token provided","method":"POST","status":"400","timestamp":"2025-04-27T03:47:34.410Z","url":"/users/auth","user_ip":"::1"}
{"level":"warn","message":"No token provided","method":"POST","status":"400","timestamp":"2025-04-27T03:47:37.327Z","url":"/users/auth","user_ip":"::1"}
{"level":"warn","message":"No token provided","method":"POST","status":"400","timestamp":"2025-04-27T03:47:37.337Z","url":"/users/auth","user_ip":"::1"}
{"level":"warn","message":"No token provided","method":"POST","status":"400","timestamp":"2025-04-27T03:47:58.766Z","url":"/users/auth","user_ip":"::1"}
{"level":"warn","message":"No token provided","method":"POST","status":"400","timestamp":"2025-04-27T03:47:58.774Z","url":"/users/auth","user_ip":"::1"}
{"email_id":"asdfasdf@kljlafjflkejfalskjdflkasd","level":"error","message":"Invalid email format","method":"POST","status":"400","timestamp":"2025-04-27T03:51:43.366Z","url":"/users/send_verification_email"}
{"email_id":"asdfasdf@kljlafjflkejfalskjdflkasd","level":"error","message":"Invalid email address","method":"POST","status":"400","timestamp":"2025-04-27T03:51:43.367Z","url":"/users/register","user_ip":"::1"}
{"email_id":"asdfasdf@kljlafjflkejfalskjdflkasd","level":"error","message":"Invalid email format","method":"POST","status":"400","timestamp":"2025-04-27T03:52:09.027Z","url":"/users/send_verification_email"}
{"email_id":"asdfasdf@kljlafjflkejfalskjdflkasd","level":"error","message":"Invalid email address","method":"POST","status":"400","timestamp":"2025-04-27T03:52:09.028Z","url":"/users/register","user_ip":"::1"}
{"email_id":"aasdfasdfasdf@asdjkfhasdkjfhasdlkjf","level":"error","message":"Invalid email format","method":"POST","status":"400","timestamp":"2025-04-27T03:54:06.905Z","url":"/users/send_verification_email"}
{"email_id":"aasdfasdfasdf@asdjkfhasdkjfhasdlkjf","level":"error","message":"Invalid email address","method":"POST","status":"400","timestamp":"2025-04-27T03:54:06.907Z","url":"/users/register","user_ip":"::1"}
